[2018-06-01 09:55:30] INSERT INTO leave_type(`leave_type`, `remark`, `addtime`, `updatetime`) VALUES('婚假','','2018-06-01 09:55:30','2018-06-01 09:55:30')
[2018-06-01 10:07:27] UPDATE leave_type SET `leave_type`='婚假', `remark`='', `updatetime`='2018-06-01 10:07:27' WHERE id = '2'
[2018-06-01 10:07:47] UPDATE leave_type SET `leave_type`='带薪年假', `remark`='', `updatetime`='2018-06-01 10:07:47' WHERE id = '2'
[2018-06-01 10:12:24] UPDATE leave_type SET `leave_type`='婚假', `remark`='', `updatetime`='2018-06-01 10:12:24' WHERE id = '2'
[2018-06-01 10:15:09] DELETE FROM leave_type  WHERE id = '2'
[2018-06-01 15:31:08] INSERT INTO leave_type(`leave_type`, `remark`, `addtime`, `updatetime`) VALUES('婚假','','2018-06-01 15:31:08','2018-06-01 15:31:08')
[2018-06-01 17:07:01] INSERT INTO leave_apply(`leave_type`, `time_begin`, `time_end`, `duration`, `staff_id`, `name`, `addtime`, `updatetime`) VALUES('','2018-06-01 17:20','2018-06-02 05:25','3小时','1','李白','2018-06-01 17:07:01','2018-06-01 17:07:01')
[2018-06-01 17:31:16] INSERT INTO leave_apply(`leave_type_id`, `time_begin`, `time_end`, `duration`, `reason`, `leave_type`, `staff_id`, `name`, `addtime`, `updatetime`) VALUES('3','2018-06-01 18:30','2018-06-08 10:50','3','123123','Array','1','李白','2018-06-01 17:31:16','2018-06-01 17:31:16')
[2018-06-01 17:32:57] INSERT INTO leave_apply(`leave_type_id`, `time_begin`, `time_end`, `duration`, `reason`, `leave_type`, `staff_id`, `name`, `addtime`, `updatetime`) VALUES('3','2018-06-01 18:30','2018-06-02 17:30','3','12','Array','1','李白','2018-06-01 17:32:57','2018-06-01 17:32:57')
[2018-06-01 17:36:31] INSERT INTO leave_apply(`leave_type_id`, `time_begin`, `time_end`, `duration`, `reason`, `leave_type`, `staff_id`, `name`, `addtime`, `updatetime`) VALUES('3','2018-06-01 18:35','2018-06-14 14:35','3','1','Array','1','李白','2018-06-01 17:36:31','2018-06-01 17:36:31')
[2018-06-01 17:49:54] INSERT INTO leave_apply(`leave_type_id`, `time_begin`, `time_end`, `duration`, `reason`, `leave_type`, `staff_id`, `name`, `addtime`, `updatetime`) VALUES('3','2018-06-13 09:45','2018-06-13 17:45','3.3434','123','婚假','1','李白','2018-06-01 17:49:54','2018-06-01 17:49:54')
[2018-06-01 19:00:53] UPDATE admin_user SET `enable`='0' WHERE id = '4'
[2018-06-01 19:01:18] UPDATE admin_user SET `enable`='1' WHERE id = '4'
[2018-06-01 19:06:54] UPDATE leave_apply SET `status`='3' WHERE id = '2'
[2018-06-01 19:07:01] UPDATE leave_apply SET `status`='3' WHERE id = '2'
[2018-06-01 20:40:44] INSERT INTO leave_apply(`leave_type_id`, `time_begin`, `time_end`, `duration`, `reason`, `leave_type`, `staff_id`, `name`, `addtime`, `updatetime`) VALUES('3','2018-06-02 01:05','2018-06-02 09:45','3','123','婚假','3','小明','2018-06-01 20:40:44','2018-06-01 20:40:44')
[2018-06-01 22:10:39] UPDATE leave_apply SET `updatetime`='2018-06-01 22:10:39' WHERE id = '4'
[2018-06-01 22:12:09] UPDATE leave_apply SET `updatetime`='2018-06-01 22:12:09' WHERE id = '4'
[2018-06-01 22:12:39] UPDATE leave_apply SET `updatetime`='2018-06-01 22:12:39' WHERE id = '4'
[2018-06-01 22:12:55] UPDATE leave_apply SET `updatetime`='2018-06-01 22:12:55' WHERE id = '4'
[2018-06-01 22:17:02] UPDATE leave_apply SET `comment`='123', `status`='1', `auditor_id`='1', `auditor`='李白', `updatetime`='2018-06-01 22:17:02' WHERE id = '4'
